-------------------------------------------------------------------------------
Test set: ca.jrvs.apps.trading.service.QuoteServiceIntTest
-------------------------------------------------------------------------------
Tests run: 5, Failures: 0, Errors: 5, Skipped: 0, Time elapsed: 0.223 s <<< FAILURE! - in ca.jrvs.apps.trading.service.QuoteServiceIntTest
findAllQuotes(ca.jrvs.apps.trading.service.QuoteServiceIntTest)  Time elapsed: 0.04 s  <<< ERROR!
org.springframework.jdbc.datasource.init.UncategorizedScriptException: Failed to execute database script; nested exception is org.springframework.jdbc.CannotGetJdbcConnectionException: Failed to obtain JDBC Connection; nested exception is java.sql.SQLException: Cannot create JDBC driver of class '' for connect URL 'null'
Caused by: org.springframework.jdbc.CannotGetJdbcConnectionException: Failed to obtain JDBC Connection; nested exception is java.sql.SQLException: Cannot create JDBC driver of class '' for connect URL 'null'
Caused by: java.sql.SQLException: Cannot create JDBC driver of class '' for connect URL 'null'
Caused by: java.lang.NullPointerException

updateMarketData(ca.jrvs.apps.trading.service.QuoteServiceIntTest)  Time elapsed: 0.061 s  <<< ERROR!
org.springframework.jdbc.datasource.init.UncategorizedScriptException: Failed to execute database script; nested exception is org.springframework.jdbc.CannotGetJdbcConnectionException: Failed to obtain JDBC Connection; nested exception is java.sql.SQLException: Cannot create JDBC driver of class '' for connect URL 'null'
Caused by: org.springframework.jdbc.CannotGetJdbcConnectionException: Failed to obtain JDBC Connection; nested exception is java.sql.SQLException: Cannot create JDBC driver of class '' for connect URL 'null'
Caused by: java.sql.SQLException: Cannot create JDBC driver of class '' for connect URL 'null'
Caused by: java.lang.NullPointerException

saveQuote(ca.jrvs.apps.trading.service.QuoteServiceIntTest)  Time elapsed: 0.036 s  <<< ERROR!
org.springframework.jdbc.datasource.init.UncategorizedScriptException: Failed to execute database script; nested exception is org.springframework.jdbc.CannotGetJdbcConnectionException: Failed to obtain JDBC Connection; nested exception is java.sql.SQLException: Cannot create JDBC driver of class '' for connect URL 'null'
Caused by: org.springframework.jdbc.CannotGetJdbcConnectionException: Failed to obtain JDBC Connection; nested exception is java.sql.SQLException: Cannot create JDBC driver of class '' for connect URL 'null'
Caused by: java.sql.SQLException: Cannot create JDBC driver of class '' for connect URL 'null'
Caused by: java.lang.NullPointerException

saveQuotes(ca.jrvs.apps.trading.service.QuoteServiceIntTest)  Time elapsed: 0.048 s  <<< ERROR!
org.springframework.jdbc.datasource.init.UncategorizedScriptException: Failed to execute database script; nested exception is org.springframework.jdbc.CannotGetJdbcConnectionException: Failed to obtain JDBC Connection; nested exception is java.sql.SQLException: Cannot create JDBC driver of class '' for connect URL 'null'
Caused by: org.springframework.jdbc.CannotGetJdbcConnectionException: Failed to obtain JDBC Connection; nested exception is java.sql.SQLException: Cannot create JDBC driver of class '' for connect URL 'null'
Caused by: java.sql.SQLException: Cannot create JDBC driver of class '' for connect URL 'null'
Caused by: java.lang.NullPointerException

findIexQuoteByTicker(ca.jrvs.apps.trading.service.QuoteServiceIntTest)  Time elapsed: 0.026 s  <<< ERROR!
org.springframework.jdbc.datasource.init.UncategorizedScriptException: Failed to execute database script; nested exception is org.springframework.jdbc.CannotGetJdbcConnectionException: Failed to obtain JDBC Connection; nested exception is java.sql.SQLException: Cannot create JDBC driver of class '' for connect URL 'null'
Caused by: org.springframework.jdbc.CannotGetJdbcConnectionException: Failed to obtain JDBC Connection; nested exception is java.sql.SQLException: Cannot create JDBC driver of class '' for connect URL 'null'
Caused by: java.sql.SQLException: Cannot create JDBC driver of class '' for connect URL 'null'
Caused by: java.lang.NullPointerException

