-------------------------------------------------------------------------------
Test set: ca.jrvs.apps.trading.dao.QuoteDaoIntTest
-------------------------------------------------------------------------------
Tests run: 8, Failures: 0, Errors: 8, Skipped: 0, Time elapsed: 19.518 s <<< FAILURE! - in ca.jrvs.apps.trading.dao.QuoteDaoIntTest
findAll(ca.jrvs.apps.trading.dao.QuoteDaoIntTest)  Time elapsed: 0.833 s  <<< ERROR!
org.springframework.jdbc.datasource.init.UncategorizedScriptException: Failed to execute database script; nested exception is org.springframework.jdbc.CannotGetJdbcConnectionException: Failed to obtain JDBC Connection; nested exception is java.sql.SQLException: Cannot create JDBC driver of class '' for connect URL 'null'
Caused by: org.springframework.jdbc.CannotGetJdbcConnectionException: Failed to obtain JDBC Connection; nested exception is java.sql.SQLException: Cannot create JDBC driver of class '' for connect URL 'null'
Caused by: java.sql.SQLException: Cannot create JDBC driver of class '' for connect URL 'null'
Caused by: java.lang.NullPointerException

findAll(ca.jrvs.apps.trading.dao.QuoteDaoIntTest)  Time elapsed: 0.836 s  <<< ERROR!
java.lang.NullPointerException
	at ca.jrvs.apps.trading.dao.QuoteDaoIntTest.deleteOne(QuoteDaoIntTest.java:40)

findById(ca.jrvs.apps.trading.dao.QuoteDaoIntTest)  Time elapsed: 0.045 s  <<< ERROR!
org.springframework.jdbc.datasource.init.UncategorizedScriptException: Failed to execute database script; nested exception is org.springframework.jdbc.CannotGetJdbcConnectionException: Failed to obtain JDBC Connection; nested exception is java.sql.SQLException: Cannot create JDBC driver of class '' for connect URL 'null'
Caused by: org.springframework.jdbc.CannotGetJdbcConnectionException: Failed to obtain JDBC Connection; nested exception is java.sql.SQLException: Cannot create JDBC driver of class '' for connect URL 'null'
Caused by: java.sql.SQLException: Cannot create JDBC driver of class '' for connect URL 'null'
Caused by: java.lang.NullPointerException

findById(ca.jrvs.apps.trading.dao.QuoteDaoIntTest)  Time elapsed: 0.045 s  <<< ERROR!
java.lang.NullPointerException
	at ca.jrvs.apps.trading.dao.QuoteDaoIntTest.deleteOne(QuoteDaoIntTest.java:40)

count(ca.jrvs.apps.trading.dao.QuoteDaoIntTest)  Time elapsed: 0.124 s  <<< ERROR!
org.springframework.jdbc.datasource.init.UncategorizedScriptException: Failed to execute database script; nested exception is org.springframework.jdbc.CannotGetJdbcConnectionException: Failed to obtain JDBC Connection; nested exception is java.sql.SQLException: Cannot create JDBC driver of class '' for connect URL 'null'
Caused by: org.springframework.jdbc.CannotGetJdbcConnectionException: Failed to obtain JDBC Connection; nested exception is java.sql.SQLException: Cannot create JDBC driver of class '' for connect URL 'null'
Caused by: java.sql.SQLException: Cannot create JDBC driver of class '' for connect URL 'null'
Caused by: java.lang.NullPointerException

count(ca.jrvs.apps.trading.dao.QuoteDaoIntTest)  Time elapsed: 0.124 s  <<< ERROR!
java.lang.NullPointerException
	at ca.jrvs.apps.trading.dao.QuoteDaoIntTest.deleteOne(QuoteDaoIntTest.java:40)

existsById(ca.jrvs.apps.trading.dao.QuoteDaoIntTest)  Time elapsed: 0.095 s  <<< ERROR!
org.springframework.jdbc.datasource.init.UncategorizedScriptException: Failed to execute database script; nested exception is org.springframework.jdbc.CannotGetJdbcConnectionException: Failed to obtain JDBC Connection; nested exception is java.sql.SQLException: Cannot create JDBC driver of class '' for connect URL 'null'
Caused by: org.springframework.jdbc.CannotGetJdbcConnectionException: Failed to obtain JDBC Connection; nested exception is java.sql.SQLException: Cannot create JDBC driver of class '' for connect URL 'null'
Caused by: java.sql.SQLException: Cannot create JDBC driver of class '' for connect URL 'null'
Caused by: java.lang.NullPointerException

existsById(ca.jrvs.apps.trading.dao.QuoteDaoIntTest)  Time elapsed: 0.095 s  <<< ERROR!
java.lang.NullPointerException
	at ca.jrvs.apps.trading.dao.QuoteDaoIntTest.deleteOne(QuoteDaoIntTest.java:40)

