-------------------------------------------------------------------------------
Test set: ca.jrvs.apps.trading.dao.TraderDaoIntTest
-------------------------------------------------------------------------------
Tests run: 2, Failures: 0, Errors: 2, Skipped: 0, Time elapsed: 0.132 s <<< FAILURE! - in ca.jrvs.apps.trading.dao.TraderDaoIntTest
findAllById(ca.jrvs.apps.trading.dao.TraderDaoIntTest)  Time elapsed: 0.12 s  <<< ERROR!
org.springframework.jdbc.datasource.init.UncategorizedScriptException: Failed to execute database script; nested exception is org.springframework.jdbc.CannotGetJdbcConnectionException: Failed to obtain JDBC Connection; nested exception is java.sql.SQLException: Cannot create JDBC driver of class '' for connect URL 'null'
Caused by: org.springframework.jdbc.CannotGetJdbcConnectionException: Failed to obtain JDBC Connection; nested exception is java.sql.SQLException: Cannot create JDBC driver of class '' for connect URL 'null'
Caused by: java.sql.SQLException: Cannot create JDBC driver of class '' for connect URL 'null'
Caused by: java.lang.NullPointerException

findAllById(ca.jrvs.apps.trading.dao.TraderDaoIntTest)  Time elapsed: 0.12 s  <<< ERROR!
java.lang.NullPointerException
	at ca.jrvs.apps.trading.dao.TraderDaoIntTest.deleteOne(TraderDaoIntTest.java:42)

