<?xml version="1.0" encoding="UTF-8"?>
<testsuite xmlns:xsi="http://www.w3.org/2001/XMLSchema-instance" xsi:noNamespaceSchemaLocation="https://maven.apache.org/surefire/maven-surefire-plugin/xsd/surefire-test-report.xsd" name="ca.jrvs.apps.trading.dao.MarketDataDaoIntTest" time="0.934" tests="2" errors="2" skipped="0" failures="0">
  <properties>
[...]
</properties>
  <testcase name="findIexQuotesByTickers" classname="ca.jrvs.apps.trading.dao.MarketDataDaoIntTest" time="0.781">
    <error message="A JSONObject text must begin with &apos;{&apos; at 1 [character 2 line 1]" type="org.json.JSONException">org.json.JSONException: A JSONObject text must begin with '{' at 1 [character 2 line 1]
	at ca.jrvs.apps.trading.dao.MarketDataDaoIntTest.findIexQuotesByTickers(MarketDataDaoIntTest.java:33)
</error>
    <system-out><![CDATA[2021-06-24 17:38:36.290  WARN 5513 --- [           main] o.a.h.c.protocol.ResponseProcessCookies  : Invalid cookie header: "Set-Cookie: ctoken=b5f591cb97f74a208115824dfd2208c7; Max-Age=43200; Path=/; Expires=Fri, 25 Jun 2021 09:38:36 GMT". Invalid 'expires' attribute: Fri, 25 Jun 2021 09:38:36 GMT
]]></system-out>
  </testcase>
  <testcase name="findByTicker" classname="ca.jrvs.apps.trading.dao.MarketDataDaoIntTest" time="0.152">
    <error message="A JSONObject text must begin with &apos;{&apos; at 1 [character 2 line 1]" type="org.json.JSONException">org.json.JSONException: A JSONObject text must begin with '{' at 1 [character 2 line 1]
	at ca.jrvs.apps.trading.dao.MarketDataDaoIntTest.findByTicker(MarketDataDaoIntTest.java:51)
</error>
    <system-out><![CDATA[2021-06-24 17:38:36.465  WARN 5513 --- [           main] o.a.h.c.protocol.ResponseProcessCookies  : Invalid cookie header: "Set-Cookie: ctoken=ad554ceb248c43c0972dcac6b6975276; Max-Age=43200; Path=/; Expires=Fri, 25 Jun 2021 09:38:36 GMT". Invalid 'expires' attribute: Fri, 25 Jun 2021 09:38:36 GMT
]]></system-out>
  </testcase>
</testsuite>